Flutter crash report.
Please report a bug at https://github.com/flutter/flutter/issues.

## command

flutter --no-color run --machine --track-widget-creation --device-id=chrome lib/main.dart

## exception

WipError: WipError 6: {code: -32000, message: Cannot find context with specified id}

```
```

## flutter doctor

```
[✓] Flutter (Channel beta, 1.18.0-11.1.pre, on Linux, locale en_IN)
    • Flutter version 1.18.0-11.1.pre at /home/anubhav/Documents/flutter
    • Framework revision 2738a1148b (4 months ago), 2020-05-13 15:24:36 -0700
    • Engine revision ef9215ceb2
    • Dart version 2.9.0 (build 2.9.0-8.2.beta)

[!] Android toolchain - develop for Android devices (Android SDK version 29.0.2)
    • Android SDK at /home/anubhav/Android/Sdk
    • Platform android-29, build-tools 29.0.2
    • Java binary at: /home/anubhav/android-studio/jre/bin/java
    • Java version OpenJDK Runtime Environment (build 1.8.0_202-release-1483-b49-5587405)
    ! Some Android licenses not accepted.  To resolve this, run: flutter doctor --android-licenses

[✓] Chrome - develop for the web
    • Chrome at google-chrome

[✓] Android Studio (version 3.5)
    • Android Studio at /home/anubhav/android-studio
    • Flutter plugin version 40.2.2
    • Dart plugin version 191.8593
    • Java version OpenJDK Runtime Environment (build 1.8.0_202-release-1483-b49-5587405)

[✓] VS Code (version 1.45.1)
    • VS Code at /usr/share/code
    • Flutter extension version 3.10.1

[✓] Connected device (2 available)
    • Web Server • web-server • web-javascript • Flutter Tools
    • Chrome     • chrome     • web-javascript • Google Chrome 83.0.4103.61

! Doctor found issues in 1 category.
```
